
----------------------------------------------------------------------------
--                            Design Analysis                             --
----------------------------------------------------------------------------
Analyze pcore axi_ppm ...


----------------------------------------------------------------------------
--                            Design Analysis                             --
----------------------------------------------------------------------------
Analyze pcore axi_ppm ...


----------------------------------------------------------------------------
--                            Design Analysis                             --
----------------------------------------------------------------------------
Analyze pcore axi_ppm ...


----------------------------------------------------------------------------
--                            Design Analysis                             --
----------------------------------------------------------------------------
Analyze pcore axi_ppm ...


----------------------------------------------------------------------------
--                            File Generation                             --
----------------------------------------------------------------------------
Creating HDL source directory ...
Generating top peripheral VHDL template ...
Generating stub user logic VHDL template ...
HDL templates successfully generated ...
Creating data directory ...
Generating XPS inteface files ...
Compiling vhdl file
"/remote/Xilinx/14.6/EDK/hw/XilinxProcessorIPLib/pcores/proc_common_v3_00_a/hdl/
vhdl/proc_common_pkg.vhd" in Library proc_common_v3_00_a.
Package <proc_common_pkg> compiled.
Package body <proc_common_pkg> compiled.
Compiling vhdl file
"/remote/Xilinx/14.6/EDK/hw/XilinxProcessorIPLib/pcores/proc_common_v3_00_a/hdl/
vhdl/family_support.vhd" in Library proc_common_v3_00_a.
Package <family_support> compiled.
Package body <family_support> compiled.
Compiling vhdl file
"/remote/Xilinx/14.6/EDK/hw/XilinxProcessorIPLib/pcores/proc_common_v3_00_a/hdl/
vhdl/or_muxcy.vhd" in Library proc_common_v3_00_a.
Entity <or_muxcy> compiled.
Entity <or_muxcy> (Architecture <implementation>) compiled.
Compiling vhdl file
"/remote/Xilinx/14.6/EDK/hw/XilinxProcessorIPLib/pcores/proc_common_v3_00_a/hdl/
vhdl/or_gate128.vhd" in Library proc_common_v3_00_a.
Entity <or_gate128> compiled.
Entity <or_gate128> (Architecture <imp>) compiled.
Compiling vhdl file
"/remote/Xilinx/14.6/EDK/hw/XilinxProcessorIPLib/pcores/proc_common_v3_00_a/hdl/
vhdl/counter_f.vhd" in Library proc_common_v3_00_a.
Entity <counter_f> compiled.
Entity <counter_f> (Architecture <imp>) compiled.
Compiling vhdl file
"/remote/Xilinx/14.6/EDK/hw/XilinxProcessorIPLib/pcores/proc_common_v3_00_a/hdl/
vhdl/soft_reset.vhd" in Library proc_common_v3_00_a.
Entity <soft_reset> compiled.
Entity <soft_reset> (Architecture <implementation>) compiled.
Compiling vhdl file
"/remote/Xilinx/14.6/EDK/hw/XilinxProcessorIPLib/pcores/proc_common_v3_00_a/hdl/
vhdl/pselect_f.vhd" in Library proc_common_v3_00_a.
Entity <pselect_f> compiled.
Entity <pselect_f> (Architecture <imp>) compiled.
Compiling vhdl file
"/remote/Xilinx/14.6/EDK/hw/XilinxProcessorIPLib/pcores/proc_common_v3_00_a/hdl/
vhdl/ipif_pkg.vhd" in Library proc_common_v3_00_a.
Package <ipif_pkg> compiled.
Package body <ipif_pkg> compiled.
Compiling vhdl file
"/remote/Xilinx/14.6/EDK/hw/XilinxProcessorIPLib/pcores/axi_lite_ipif_v1_01_a/hd
l/vhdl/address_decoder.vhd" in Library axi_lite_ipif_v1_01_a.
Entity <address_decoder> compiled.
Entity <address_decoder> (Architecture <IMP>) compiled.
Compiling vhdl file
"/remote/Xilinx/14.6/EDK/hw/XilinxProcessorIPLib/pcores/axi_lite_ipif_v1_01_a/hd
l/vhdl/slave_attachment.vhd" in Library axi_lite_ipif_v1_01_a.
Entity <slave_attachment> compiled.
Entity <slave_attachment> (Architecture <imp>) compiled.
Compiling vhdl file
"/remote/Xilinx/14.6/EDK/hw/XilinxProcessorIPLib/pcores/axi_lite_ipif_v1_01_a/hd
l/vhdl/axi_lite_ipif.vhd" in Library axi_lite_ipif_v1_01_a.
Entity <axi_lite_ipif> compiled.
Entity <axi_lite_ipif> (Architecture <imp>) compiled.
Compiling vhdl file
"/home/zambreno/dev/cpre488-admin/Solutions/MP-1-sol/system/pcores/axi_ppm_v1_00
_a/data/../hdl/vhdl/user_logic.vhd" in Library axi_ppm_v1_00_a.
Entity <user_logic> compiled.
Entity <user_logic> (Architecture <IMP>) compiled.
Compiling vhdl file
"/home/zambreno/dev/cpre488-admin/Solutions/MP-1-sol/system/pcores/axi_ppm_v1_00
_a/data/../hdl/vhdl/axi_ppm.vhd" in Library axi_ppm_v1_00_a.
Entity <axi_ppm> compiled.
Entity <axi_ppm> (Architecture <IMP>) compiled.


Analyzing HDL attributes ...
Entity name = axi_ppm
INFO:EDK:1607 - IPTYPE set to value : PERIPHERAL
INFO:EDK:1511 - IMP_NETLIST set to value : TRUE
INFO:EDK:1486 - HDL set to value : VHDL
XPS interface files successfully generated ...
Creating development directory ...
Generating command option file ...
Generating readme file ...
Development misc files successfully generated ...
Creating projnav directory ...
Generating ProjNav support files ...
ProjNav support files successfully generated ...
Creating synthesis directory ...
Generating XST synthesis support files ...
XST synthesis support files successfully generated ...
No BFM simulation files will be generated at this time ...
Creating software driver data directory ...
Generating software driver XPS interface (mdd/tcl) files ...
Software driver data definition file (.mdd) successfully generated ...
Software driver data generation file (.tcl) successfully generated ...
Creating software driver src directory ...
Generating software driver template files ...
Software driver compile file (Makefile) successfully generated ...
output user slave register(s) offset to software driver header ...
output software reset offset to software driver header ...
Software driver header file (.h) successfully generated ...
Software driver source file (.c) successfully generated ...
Software driver SelfTest file (.c) successfully generated ...
Software driver template files successfully generated ...

----------------------------------------------------------------------------
--                              Final Report                              --
----------------------------------------------------------------------------
Thank you for using Create and Import Peripheral Wizard! Please find your
peripheral hardware templates under
/home/zambreno/dev/cpre488-admin/Solutions/MP-1-sol/system/pcores/axi_ppm_v1_00_
a and peripheral software templates under
/home/zambreno/dev/cpre488-admin/Solutions/MP-1-sol/system/drivers/axi_ppm_v1_00
_a respectively.

Peripheral Summary:

  top name       : axi_ppm
  version        : 1.00.a
  type           : AXI4LITE slave
  features       : slave attachment
                   mir/rst register
                   user s/w registers

Address Block Summary:

  user logic slv : C_BASEADDR + 0x00000000
                 : C_BASEADDR + 0x000000FF
  soft reset     : C_BASEADDR + 0x00000100
                 : C_BASEADDR + 0x000001FF

File Summary

  - HDL source -
/home/zambreno/dev/cpre488-admin/Solutions/MP-1-sol/system/pcores/axi_ppm_v1_00_
a/hdl
  top entity     : vhdl/axi_ppm.vhd
  user logic     : vhdl/user_logic.vhd

  - XPS interface -
/home/zambreno/dev/cpre488-admin/Solutions/MP-1-sol/system/pcores/axi_ppm_v1_00_
a/data
  mpd            : axi_ppm_v2_1_0.mpd
  pao            : axi_ppm_v2_1_0.pao

  - ISE project -
/home/zambreno/dev/cpre488-admin/Solutions/MP-1-sol/system/pcores/axi_ppm_v1_00_
a/devl/projnav
  ise project    : axi_ppm.xise
  tcl script     : axi_ppm.tcl


  - XST synthesis -
/home/zambreno/dev/cpre488-admin/Solutions/MP-1-sol/system/pcores/axi_ppm_v1_00_
a/devl/synthesis
  xst script     : axi_ppm_xst.scr
  xst project    : axi_ppm_xst.prj

  - Misc file -
/home/zambreno/dev/cpre488-admin/Solutions/MP-1-sol/system/pcores/axi_ppm_v1_00_
a/devl
  help           : README.txt
  option         : ipwiz.opt
  log            : ipwiz.log

  - Driver source -
/home/zambreno/dev/cpre488-admin/Solutions/MP-1-sol/system/drivers/axi_ppm_v1_00
_a/src
  makefile       : Makefile
  header         : axi_ppm.h
  source         : axi_ppm.c
  selftest       : axi_ppm_selftest.c

  - Driver interface -
/home/zambreno/dev/cpre488-admin/Solutions/MP-1-sol/system/drivers/axi_ppm_v1_00
_a/data
  mdd            : axi_ppm_v2_1_0.mdd
  tcl            : axi_ppm_v2_1_0.tcl


