18:36:46 **** Build of project system_bsp ****
make -k all 
libgen -hw ../system_hw_platform/system.xml\
	       \
	       -pe ps7_cortexa9_0 \
	       -log libgen.log \
	       system.mss
libgen
Xilinx EDK 14.7 Build EDK_P.20131013
Copyright (c) 1995-2012 Xilinx, Inc.  All rights reserved.

Command Line: libgen -hw ../system_hw_platform/system.xml -pe ps7_cortexa9_0
-log libgen.log system.mss 


Staging source files.
Running DRCs.
Running generate.
Running post_generate.
Running include - 'make -s include "COMPILER=arm-xilinx-eabi-gcc"
"ARCHIVER=arm-xilinx-eabi-ar" "COMPILER_FLAGS= -O2 -c"
"EXTRA_COMPILER_FLAGS=-g"'.

Running libs - 'make -s libs "COMPILER=arm-xilinx-eabi-gcc"
"ARCHIVER=arm-xilinx-eabi-ar" "COMPILER_FLAGS= -O2 -c"
"EXTRA_COMPILER_FLAGS=-g"'.
"Compiling common"
arm-xilinx-eabi-ar: creating ../../../lib/libxil.a
"Compiling standalone"
"Compiling gpio"
"Compiling devcfg"
"Compiling dmaps"
"Compiling emacps"
"Compiling gpiops"
"Compiling qspips"
"Compiling scugic"
"Compiling scutimer"
"Compiling scuwdt"
"Compiling ttcps"
"Compiling uartps"
"Compiling usbps"
"Compiling xadcps"
"Compiling cpu_cortexa9"
Running execs_generate.
'Finished building libraries'
18:37:51 **** Build of configuration Debug for project p3_UART0_test ****
make all 
'Building file: ../src/helloworld.c'
'Invoking: ARM gcc compiler'
arm-xilinx-eabi-gcc -Wall -O0 -g3 -c -fmessage-length=0 -I../../system_bsp/ps7_cortexa9_0/include -MMD -MP -MF"src/helloworld.d" -MT"src/helloworld.d" -o "src/helloworld.o" "../src/helloworld.c"
'Finished building: ../src/helloworld.c'
' '
'Building file: ../src/platform.c'
'Invoking: ARM gcc compiler'
arm-xilinx-eabi-gcc -Wall -O0 -g3 -c -fmessage-length=0 -I../../system_bsp/ps7_cortexa9_0/include -MMD -MP -MF"src/platform.d" -MT"src/platform.d" -o "src/platform.o" "../src/platform.c"
'Finished building: ../src/platform.c'
' '
'Building target: p3_UART0_test.elf'
'Invoking: ARM gcc linker'
arm-xilinx-eabi-gcc -Wl,-T -Wl,../src/lscript.ld -L../../system_bsp/ps7_cortexa9_0/lib -o "p3_UART0_test.elf"  ./src/helloworld.o ./src/platform.o   -Wl,--start-group,-lxil,-lgcc,-lc,--end-group
'Finished building target: p3_UART0_test.elf'
' '
'Invoking: ARM Print Size'
arm-xilinx-eabi-size p3_UART0_test.elf  |tee "p3_UART0_test.elf.size"
   text	   data	    bss	    dec	    hex	filename
  26564	   1104	  29860	  57528	   e0b8	p3_UART0_test.elf
'Finished building: p3_UART0_test.elf.size'
' '
18:38:18 **** Auto Build of project system_bsp ****
make -k all 
'Finished building libraries'
18:38:18 **** Auto Build of configuration Debug for project p3_UART0_test ****
make all 
make: Nothing to be done for `all'.
18:38:22 **** Incremental Build of configuration Debug for project p3_UART0_test ****
make all 
make: Nothing to be done for `all'.
18:38:49 **** Auto Build of configuration Debug for project p3_UART0_test ****
make all 
'Building file: ../src/helloworld.c'
'Invoking: ARM gcc compiler'
arm-xilinx-eabi-gcc -Wall -O0 -g3 -c -fmessage-length=0 -I../../system_bsp/ps7_cortexa9_0/include -MMD -MP -MF"src/helloworld.d" -MT"src/helloworld.d" -o "src/helloworld.o" "../src/helloworld.c"
'Finished building: ../src/helloworld.c'
' '
'Building target: p3_UART0_test.elf'
'Invoking: ARM gcc linker'
arm-xilinx-eabi-gcc -Wl,-T -Wl,../src/lscript.ld -L../../system_bsp/ps7_cortexa9_0/lib -o "p3_UART0_test.elf"  ./src/helloworld.o ./src/platform.o   -Wl,--start-group,-lxil,-lgcc,-lc,--end-group
'Finished building target: p3_UART0_test.elf'
' '
'Invoking: ARM Print Size'
arm-xilinx-eabi-size p3_UART0_test.elf  |tee "p3_UART0_test.elf.size"
   text	   data	    bss	    dec	    hex	filename
  39028	   2144	  29908	  71080	  115a8	p3_UART0_test.elf
'Finished building: p3_UART0_test.elf.size'
' '
18:38:52 **** Incremental Build of configuration Debug for project p3_UART0_test ****
make all 
make: Nothing to be done for `all'.
18:39:18 **** Auto Build of project system_bsp ****
make -k all 
'Finished building libraries'
18:39:18 **** Auto Build of configuration Debug for project p3_UART0_test ****
make all 
make: Nothing to be done for `all'.
18:39:26 **** Auto Build of project system_bsp ****
make -k all 
'Finished building libraries'
18:39:26 **** Auto Build of configuration Debug for project p3_UART0_test ****
make all 
make: Nothing to be done for `all'.
18:39:29 **** Incremental Build of configuration Debug for project p3_UART0_test ****
make all 
make: Nothing to be done for `all'.
18:39:59 **** Auto Build of project system_bsp ****
make -k all 
'Finished building libraries'
18:39:59 **** Auto Build of configuration Debug for project p3_UART0_test ****
make all 
make: Nothing to be done for `all'.
18:41:14 **** Auto Build of configuration Debug for project p3_UART0_test ****
make all 
'Building file: ../src/platform.c'
'Invoking: ARM gcc compiler'
arm-xilinx-eabi-gcc -Wall -O0 -g3 -c -fmessage-length=0 -I../../system_bsp/ps7_cortexa9_0/include -MMD -MP -MF"src/platform.d" -MT"src/platform.d" -o "src/platform.o" "../src/platform.c"
'Finished building: ../src/platform.c'
' '
'Building target: p3_UART0_test.elf'
'Invoking: ARM gcc linker'
arm-xilinx-eabi-gcc -Wl,-T -Wl,../src/lscript.ld -L../../system_bsp/ps7_cortexa9_0/lib -o "p3_UART0_test.elf"  ./src/helloworld.o ./src/platform.o   -Wl,--start-group,-lxil,-lgcc,-lc,--end-group
'Finished building target: p3_UART0_test.elf'
' '
'Invoking: ARM Print Size'
arm-xilinx-eabi-size p3_UART0_test.elf  |tee "p3_UART0_test.elf.size"
   text	   data	    bss	    dec	    hex	filename
  39028	   2144	  29908	  71080	  115a8	p3_UART0_test.elf
'Finished building: p3_UART0_test.elf.size'
' '
18:41:17 **** Incremental Build of configuration Debug for project p3_UART0_test ****
make all 
make: Nothing to be done for `all'.
18:41:39 **** Clean-only build of configuration Debug for project p3_UART0_test ****
make clean 
rm -rf  ./src/helloworld.o ./src/platform.o  ./src/helloworld.d ./src/platform.d  p3_UART0_test.elf.size  p3_UART0_test.elf
' '
18:41:39 **** Clean-only build of project system_bsp ****
make -k clean 
rm -rf ps7_cortexa9_0
18:41:49 **** Build of project system_bsp ****
make -k all 
libgen -hw ../system_hw_platform/system.xml\
	       \
	       -pe ps7_cortexa9_0 \
	       -log libgen.log \
	       system.mss
libgen
Xilinx EDK 14.7 Build EDK_P.20131013
Copyright (c) 1995-2012 Xilinx, Inc.  All rights reserved.

Command Line: libgen -hw ../system_hw_platform/system.xml -pe ps7_cortexa9_0
-log libgen.log system.mss 


Staging source files.
Running DRCs.
Running generate.
Running post_generate.
Running include - 'make -s include "COMPILER=arm-xilinx-eabi-gcc"
"ARCHIVER=arm-xilinx-eabi-ar" "COMPILER_FLAGS= -O2 -c"
"EXTRA_COMPILER_FLAGS=-g"'.

Running libs - 'make -s libs "COMPILER=arm-xilinx-eabi-gcc"
"ARCHIVER=arm-xilinx-eabi-ar" "COMPILER_FLAGS= -O2 -c"
"EXTRA_COMPILER_FLAGS=-g"'.
"Compiling common"
arm-xilinx-eabi-ar: creating ../../../lib/libxil.a
"Compiling standalone"
"Compiling gpio"
"Compiling devcfg"
"Compiling dmaps"
"Compiling emacps"
"Compiling gpiops"
"Compiling qspips"
"Compiling scugic"
"Compiling scutimer"
"Compiling scuwdt"
"Compiling ttcps"
"Compiling uartps"
"Compiling usbps"
"Compiling xadcps"
"Compiling cpu_cortexa9"
Running execs_generate.
'Finished building libraries'
18:42:52 **** Build of configuration Debug for project p3_UART0_test ****
make all 
'Building file: ../src/helloworld.c'
'Invoking: ARM gcc compiler'
arm-xilinx-eabi-gcc -Wall -O0 -g3 -c -fmessage-length=0 -I../../system_bsp/ps7_cortexa9_0/include -MMD -MP -MF"src/helloworld.d" -MT"src/helloworld.d" -o "src/helloworld.o" "../src/helloworld.c"
'Finished building: ../src/helloworld.c'
' '
'Building file: ../src/platform.c'
'Invoking: ARM gcc compiler'
arm-xilinx-eabi-gcc -Wall -O0 -g3 -c -fmessage-length=0 -I../../system_bsp/ps7_cortexa9_0/include -MMD -MP -MF"src/platform.d" -MT"src/platform.d" -o "src/platform.o" "../src/platform.c"
'Finished building: ../src/platform.c'
' '
'Building target: p3_UART0_test.elf'
'Invoking: ARM gcc linker'
arm-xilinx-eabi-gcc -Wl,-T -Wl,../src/lscript.ld -L../../system_bsp/ps7_cortexa9_0/lib -o "p3_UART0_test.elf"  ./src/helloworld.o ./src/platform.o   -Wl,--start-group,-lxil,-lgcc,-lc,--end-group
'Finished building target: p3_UART0_test.elf'
' '
'Invoking: ARM Print Size'
arm-xilinx-eabi-size p3_UART0_test.elf  |tee "p3_UART0_test.elf.size"
   text	   data	    bss	    dec	    hex	filename
  39028	   2144	  29908	  71080	  115a8	p3_UART0_test.elf
'Finished building: p3_UART0_test.elf.size'
' '
18:42:58 **** Auto Build of configuration Debug for project p3_UART0_test ****
make all 
'Building file: ../src/platform.c'
'Invoking: ARM gcc compiler'
arm-xilinx-eabi-gcc -Wall -O0 -g3 -c -fmessage-length=0 -I../../system_bsp/ps7_cortexa9_0/include -MMD -MP -MF"src/platform.d" -MT"src/platform.d" -o "src/platform.o" "../src/platform.c"
'Finished building: ../src/platform.c'
' '
'Building target: p3_UART0_test.elf'
'Invoking: ARM gcc linker'
arm-xilinx-eabi-gcc -Wl,-T -Wl,../src/lscript.ld -L../../system_bsp/ps7_cortexa9_0/lib -o "p3_UART0_test.elf"  ./src/helloworld.o ./src/platform.o   -Wl,--start-group,-lxil,-lgcc,-lc,--end-group
'Finished building target: p3_UART0_test.elf'
' '
'Invoking: ARM Print Size'
arm-xilinx-eabi-size p3_UART0_test.elf  |tee "p3_UART0_test.elf.size"
   text	   data	    bss	    dec	    hex	filename
  39028	   2144	  29908	  71080	  115a8	p3_UART0_test.elf
'Finished building: p3_UART0_test.elf.size'
' '
18:44:55 **** Auto Build of configuration Debug for project p3_UART0_test ****
make all 
'Building file: ../src/platform.c'
'Invoking: ARM gcc compiler'
arm-xilinx-eabi-gcc -Wall -O0 -g3 -c -fmessage-length=0 -I../../system_bsp/ps7_cortexa9_0/include -MMD -MP -MF"src/platform.d" -MT"src/platform.d" -o "src/platform.o" "../src/platform.c"
'Finished building: ../src/platform.c'
' '
'Building target: p3_UART0_test.elf'
'Invoking: ARM gcc linker'
arm-xilinx-eabi-gcc -Wl,-T -Wl,../src/lscript.ld -L../../system_bsp/ps7_cortexa9_0/lib -o "p3_UART0_test.elf"  ./src/helloworld.o ./src/platform.o   -Wl,--start-group,-lxil,-lgcc,-lc,--end-group
'Finished building target: p3_UART0_test.elf'
' '
'Invoking: ARM Print Size'
arm-xilinx-eabi-size p3_UART0_test.elf  |tee "p3_UART0_test.elf.size"
   text	   data	    bss	    dec	    hex	filename
  39028	   2144	  29908	  71080	  115a8	p3_UART0_test.elf
'Finished building: p3_UART0_test.elf.size'
' '
